#COLLECTE 4 WINNING_JOBS
##PARALLEL JOB[3] (0,expjob_0) timing=7039 dir=minplacer/00000_pa00_00006_rplan
##PARALLEL JOB[2] (2,expjob_2) timing=6899 dir=minplacer/00002_pa02_00006_rplan
##PARALLEL JOB[1] (3,expjob_3) timing=6748 dir=minplacer/00003_pa03_00006_rplan
##PARALLEL JOB[0] (1,expjob_1) timing=6495 dir=minplacer/00001_pa01_00006_rplan
PrePlaceDly=33834
#PLC_RUNDIR=minplacer/00001_pa01_00003_wl timing=4533 cg=0
PlaceDly=4533
TWL=4040
PEAKMEM=1304MB
#PLC_RUNDIR=minplacer/00001_pa01_00004_repopt timing=4533 cg=0
PlaceDly=4533
TWL=4040
PEAKMEM=1337MB
#PLC_RUNDIR=minplacer/00001_pa01_00005_post timing=6495 cg=0
PostIter=9
PlaceDly=6495
TWL=4470
PEAKMEM=1415MB
TotPostIter=9
#PLC_RUNDIR=minplacer/00001_pa01_00006_rplan timing=6495 cg=50
FinderPnRatio=50
FinderPnIter=0
PlaceDly=6495
PEAKMEM=1374MB
ParWin                              =expjob_1
