


MINPLACER FLOW STARTS Mon Nov 24 19:00:43 2025
PARRAY=32x32
TILE_SIZE=1,1
MODULE_NAME=blink
GRANDITER=-1
FLOW_STRING=eflxexp1500
COMMIT_NLEDIT_IMMEDIATELY=1
USE_NMAX=0
USE_FINDER=1
USE_RTABLE=0
LATENCY_AWARE=1
HAS_PPP=0
FAIL_AS_CRASH=0
RUNTIME_LIMITED=0
MAX_CPU=16 (16 16 16)
REPORT_HOLD=1
IGNORE_REGION=0
IGNORE_REGION_AFTER_WL=0
VERIFY=0
[                                                  ][    1] Running placer flow EXP (version=1500).
[                                                  ][    1] Start 4 jobs with MAX_CPU=16, POOLSIZE=4 and requested_winning_jobs=1.
[                                                  ][    1] Running placer flow WLTD (666).
[              minplacer/00002_pa02_00001_character][    1] Step character
[              minplacer/00002_pa02_00001_character][    1] Step MinPlacerChar minplacer_skip_dont_place=0 do_shortfd=0 do_shortfd_aggressive=0 do_precomb=0 do_precomb_aggressive=0 do_chain_to_tree=0 do_used_rbb_vacan=0 do_rep=1 do_reloc=0 do_repack=0 do_swabsorb=0 do_rplan=1
[              minplacer/00002_pa02_00001_character][    1] RbbUsage=9 PrePlaceTiming=39365.
[                  minplacer/00002_pa02_00002_setup][    1] Step setup
[                  minplacer/00002_pa02_00002_setup][    1] Step setup ends.
[                     minplacer/00002_pa02_00003_wl][    1] Step wl
[                     minplacer/00002_pa02_00003_wl][   12] Step wl returns 0. (timing=4960 cg=0)
[                     minplacer/00002_pa02_00003_wl][   12] Updating timing 4960 vs 2147483647.
[                 minplacer/00002_pa02_00004_repopt][   12] Step repopt
[                 minplacer/00002_pa02_00004_repopt][   17] Step repopt returns 0. (timing=4960 cg=0)
[                 minplacer/00002_pa02_00004_repopt][   17] Step has no netlist change.
[                   minplacer/00002_pa02_00005_post][   17] Step post
[                   minplacer/00002_pa02_00005_post][   27] Step post returns 0. (timing=9622R cg=0)
[                   minplacer/00002_pa02_00005_post][   27] Updating timing 9622R vs 4960.
[                  minplacer/00002_pa02_00006_rplan][   27] Step rplan
[                  minplacer/00002_pa02_00006_rplan][   37] Step rplan returns 0. (timing=9622R cg=50)
[                  minplacer/00002_pa02_00006_rplan][   37] Updating timing 9622R vs 9622R.
[                                                  ][   37] Running placer flow WLTD ends with TRUE.
[                  minplacer/00002_pa02_00006_rplan][   37] Placer job(2) finished okay with timing=9622.
[                                                  ][    1] Running placer flow WLTD (666).
[              minplacer/00003_pa03_00001_character][    1] Step character
[              minplacer/00003_pa03_00001_character][    1] Step MinPlacerChar minplacer_skip_dont_place=0 do_shortfd=0 do_shortfd_aggressive=0 do_precomb=0 do_precomb_aggressive=0 do_chain_to_tree=0 do_used_rbb_vacan=0 do_rep=1 do_reloc=0 do_repack=0 do_swabsorb=0 do_rplan=1
[              minplacer/00003_pa03_00001_character][    1] RbbUsage=9 PrePlaceTiming=39365.
[                  minplacer/00003_pa03_00002_setup][    1] Step setup
[                  minplacer/00003_pa03_00002_setup][    2] Step setup ends.
[                     minplacer/00003_pa03_00003_wl][    2] Step wl
[                     minplacer/00003_pa03_00003_wl][   12] Step wl returns 0. (timing=4960 cg=0)
[                     minplacer/00003_pa03_00003_wl][   12] Updating timing 4960 vs 2147483647.
[                 minplacer/00003_pa03_00004_repopt][   12] Step repopt
[                 minplacer/00003_pa03_00004_repopt][   22] Step repopt returns 0. (timing=4960 cg=0)
[                 minplacer/00003_pa03_00004_repopt][   22] Step has no netlist change.
[                   minplacer/00003_pa03_00005_post][   22] Step post
[                   minplacer/00003_pa03_00005_post][   32] Step post returns 0. (timing=9622R cg=0)
[                   minplacer/00003_pa03_00005_post][   32] Updating timing 9622R vs 4960.
[                  minplacer/00003_pa03_00006_rplan][   32] Step rplan
[                  minplacer/00003_pa03_00006_rplan][   42] Step rplan returns 0. (timing=9622R cg=50)
[                  minplacer/00003_pa03_00006_rplan][   42] Updating timing 9622R vs 9622R.
[                                                  ][   42] Running placer flow WLTD ends with TRUE.
[                  minplacer/00003_pa03_00006_rplan][   42] Placer job(3) finished okay with timing=9622.
[                                                  ][    1] Running placer flow WLTD (0).
[              minplacer/00000_pa00_00001_character][    1] Step character
[              minplacer/00000_pa00_00001_character][    1] Step MinPlacerChar minplacer_skip_dont_place=0 do_shortfd=0 do_shortfd_aggressive=0 do_precomb=0 do_precomb_aggressive=0 do_chain_to_tree=0 do_used_rbb_vacan=0 do_rep=1 do_reloc=0 do_repack=0 do_swabsorb=0 do_rplan=1
[              minplacer/00000_pa00_00001_character][    1] RbbUsage=9 PrePlaceTiming=39365.
[                  minplacer/00000_pa00_00002_setup][    1] Step setup
[                  minplacer/00000_pa00_00002_setup][    1] Step setup ends.
[                     minplacer/00000_pa00_00003_wl][    1] Step wl
[                     minplacer/00000_pa00_00003_wl][   12] Step wl returns 0. (timing=4960 cg=0)
[                     minplacer/00000_pa00_00003_wl][   12] Updating timing 4960 vs 2147483647.
[                 minplacer/00000_pa00_00004_repopt][   12] Step repopt
[                 minplacer/00000_pa00_00004_repopt][   22] Step repopt returns 0. (timing=4960 cg=0)
[                 minplacer/00000_pa00_00004_repopt][   22] Step has no netlist change.
[                   minplacer/00000_pa00_00005_post][   22] Step post
[                   minplacer/00000_pa00_00005_post][   32] Step post returns 0. (timing=9622R cg=0)
[                   minplacer/00000_pa00_00005_post][   32] Updating timing 9622R vs 4960.
[                  minplacer/00000_pa00_00006_rplan][   32] Step rplan
[                  minplacer/00000_pa00_00006_rplan][   42] Step rplan returns 0. (timing=9622R cg=50)
[                  minplacer/00000_pa00_00006_rplan][   42] Updating timing 9622R vs 9622R.
[                                                  ][   42] Running placer flow WLTD ends with TRUE.
[                  minplacer/00000_pa00_00006_rplan][   42] Placer job(0) finished okay with timing=9622.
[                                                  ][    1] Running placer flow WLTD (666).
[              minplacer/00001_pa01_00001_character][    1] Step character
[              minplacer/00001_pa01_00001_character][    1] Step MinPlacerChar minplacer_skip_dont_place=0 do_shortfd=0 do_shortfd_aggressive=0 do_precomb=0 do_precomb_aggressive=0 do_chain_to_tree=0 do_used_rbb_vacan=0 do_rep=1 do_reloc=0 do_repack=0 do_swabsorb=0 do_rplan=1
[              minplacer/00001_pa01_00001_character][    1] RbbUsage=9 PrePlaceTiming=39365.
[                  minplacer/00001_pa01_00002_setup][    1] Step setup
[                  minplacer/00001_pa01_00002_setup][    1] Step setup ends.
[                     minplacer/00001_pa01_00003_wl][    1] Step wl
[                     minplacer/00001_pa01_00003_wl][   12] Step wl returns 0. (timing=4960 cg=0)
[                     minplacer/00001_pa01_00003_wl][   12] Updating timing 4960 vs 2147483647.
[                 minplacer/00001_pa01_00004_repopt][   12] Step repopt
[                 minplacer/00001_pa01_00004_repopt][   22] Step repopt returns 0. (timing=4960 cg=0)
[                 minplacer/00001_pa01_00004_repopt][   22] Step has no netlist change.
[                   minplacer/00001_pa01_00005_post][   22] Step post
[                   minplacer/00001_pa01_00005_post][   32] Step post returns 0. (timing=9622R cg=0)
[                   minplacer/00001_pa01_00005_post][   32] Updating timing 9622R vs 4960.
[                  minplacer/00001_pa01_00006_rplan][   32] Step rplan
[                  minplacer/00001_pa01_00006_rplan][   42] Step rplan returns 0. (timing=9622R cg=50)
[                  minplacer/00001_pa01_00006_rplan][   42] Updating timing 9622R vs 9622R.
[                                                  ][   42] Running placer flow WLTD ends with TRUE.
[                  minplacer/00001_pa01_00006_rplan][   42] Placer job(1) finished okay with timing=9622.
[                                                  ][   43] End 4 jobs with 1 being accepted: [0,expjob_0]=minplacer/00000_pa00_00006_rplan
[                                                  ][   43] End 4 jobs with 3 being abandoned: [1,expjob_1]=minplacer/00001_pa01_00006_rplan [2,expjob_2]=minplacer/00002_pa02_00006_rplan [3,expjob_3]=minplacer/00003_pa03_00006_rplan
[                                                  ][   43] Running placer flow EXP receives (0).
[                  minplacer/00000_pa00_00006_rplan][   43] Updating timing 9622R vs 2147483647.
[                                                  ][   43] Running placer flow EXP ends with [minplacer/00000_pa00_00006_rplan] timing=9622.
[                  minplacer/00000_pa00_00006_rplan][   43] Step readback plc starts.
[                  minplacer/00000_pa00_00006_rplan][   43] Step readback plc ended.
MINPLACER FLOW QORSTAT REP=0 BUF=0 PPP=0 COMB=0 SHORTFD=0 RELOC=0 SWABSORB=0 PREABSORB=0
MINPLACER FLOW ENDS RET=PASS Mon Nov 24 19:01:25 2025
