net 17: (10 31)->(11 30) 0 3 0 0 #timing (2 3) ps
net 17: (11 30)->(11 30) 1 0 0 0 #timing (93 92) ps
net 17: (11 30)->(11 30) 5 0 0 0 #timing (195 213) ps
net 17: (11 30)->(11 15) 13 1 1 0 #timing (785 664) ps
net 17: (11 15)->(11 7) 5 1 0 1 #timing (1201 1066) ps 
net 17: (11 7)->(11 5) 1 1 0 1 #timing (1317 1406) ps 
net 17: (11 5)->(10 5) 0 2 0 1 #timing (1550 1466) ps 
net 17: (11 7)->(11 3) 3 1 0 1 #timing (1536 1558) ps 
net 17: (11 3)->(11 3) 1 0 1 1 #timing (1633 1659) ps 
net 17: (11 3)->(11 3) 0 0 0 1 #timing (1760 1735) ps 
net 17: (11 7)->(15 7) 4 2 0 1 #timing (1485 1310) ps 
net 17: (15 7)->(15 3) 3 1 0 1 #timing (1851 1586) ps 
net 17: (15 3)->(15 1) 1 1 0 1 #timing (1994 1720) ps 
net 17: (15 1)->(15 1) 0 0 0 1 #timing (1830 2120) ps 
net 20: (11 6)->(11 7) 0 1 0 0 #timing (194 194) ps
net 20: (11 7)->(9 5) 1 3 0 0 #timing (381 341) ps
net 20: (9 5)->(13 5) 4 2 0 0 #timing (664 706) ps
net 20: (13 5)->(17 5) 4 5 0 1 #timing (980 991) ps 
net 20: (17 5)->(17 1) 3 1 0 1 #timing (1319 1246) ps 
net 20: (17 1)->(17 1) 1 0 1 1 #timing (1416 1347) ps 
net 20: (17 1)->(17 1) 0 0 0 1 #timing (1461 1525) ps 
net 21: (15 3)->(15 3) 0 0 0 0 #timing (178 178) ps
net 21: (15 3)->(13 1) 1 3 0 0 #timing (335 310) ps
net 21: (13 1)->(13 5) 3 1 0 1 #timing (777 670) ps 
net 21: (13 5)->(13 7) 1 1 0 1 #timing (925 809) ps 
net 21: (13 7)->(12 7) 0 2 0 1 #timing (954 1075) ps 
net 21: (13 7)->(12 6) 0 3 0 1 #timing (943 1069) ps 
net 21: (13 5)->(15 7) 1 3 0 1 #timing (958 829) ps 
net 21: (15 7)->(14 7) 0 2 0 1 #timing (983 1128) ps 
net 21: (15 7)->(14 6) 0 3 0 1 #timing (972 1122) ps 
net 21: (13 1)->(9 1) 4 2 0 0 #timing (617 653) ps
net 21: (9 1)->(11 1) 1 2 0 1 #timing (930 847) ps 
net 21: (11 1)->(10 1) 0 2 0 1 #timing (1016 1111) ps 
net 21: (13 1)->(17 1) 4 5 0 0 #timing (687 690) ps
net 21: (17 1)->(17 1) 1 0 0 1 #timing (885 857) ps 
net 21: (17 1)->(16 1) 0 2 0 1 #timing (987 1003) ps 
net 21: (17 1)->(17 5) 3 1 0 1 #timing (1101 1002) ps 
net 21: (17 5)->(17 7) 1 1 0 1 #timing (1239 1134) ps 
net 21: (17 7)->(16 7) 0 2 0 1 #timing (1276 1385) ps 
net 21: (17 5)->(19 7) 1 3 0 1 #timing (1281 1160) ps 
net 21: (19 7)->(18 7) 0 2 0 1 #timing (1318 1460) ps 
net 21: (19 7)->(18 6) 0 3 0 1 #timing (1306 1452) ps 
net 22: (12 6)->(12 7) 0 1 0 0 #timing (679 679) ps
net 22: (12 7)->(12 7) 1 0 0 0 #timing (761 762) ps
net 22: (12 7)->(12 3) 3 1 0 0 #timing (1028 983) ps
net 22: (12 3)->(12 3) 1 0 1 1 #timing (1238 1159) ps 
net 22: (12 3)->(12 3) 0 0 0 1 #timing (1273 1347) ps 
net 22: (12 6)->(13 6) 0 2 0 0 #timing (704 704) ps
net 22: (13 6)->(15 6) 1 2 0 0 #timing (839 823) ps
net 22: (15 6)->(11 6) 4 2 0 0 #timing (1087 1100) ps
net 22: (11 6)->(11 4) 1 1 0 1 #timing (1359 1302) ps 
net 22: (11 4)->(11 5) 0 1 0 1 #timing (1448 1505) ps 
net 23: (10 6)->(10 6) 0 0 0 0 #timing (704 704) ps
net 23: (10 6)->(10 4) 1 1 0 0 #timing (823 812) ps
net 23: (10 4)->(10 4) 1 0 1 1 #timing (1041 1004) ps 
net 23: (10 4)->(11 5) 0 3 0 1 #timing (1146 1165) ps 
net 23: (10 6)->(10 7) 0 1 0 0 #timing (679 679) ps
net 23: (10 7)->(10 7) 1 0 0 0 #timing (762 761) ps
net 23: (10 7)->(14 7) 4 2 0 0 #timing (1023 1002) ps
net 23: (14 7)->(12 7) 1 2 0 1 #timing (1227 1213) ps 
net 23: (12 7)->(12 6) 0 1 0 1 #timing (1367 1376) ps 
net 23: (10 6)->(11 7) 0 3 0 0 #timing (677 677) ps
net 23: (11 7)->(11 7) 1 0 0 0 #timing (767 770) ps
net 23: (11 7)->(11 3) 3 1 0 0 #timing (1025 981) ps
net 23: (11 3)->(15 3) 4 2 0 0 #timing (1359 1277) ps
net 23: (15 3)->(13 3) 1 2 0 1 #timing (1541 1573) ps 
net 23: (13 3)->(12 3) 0 2 0 1 #timing (1710 1692) ps 
net 24: (10 3)->(10 3) 0 0 0 0 #timing (726 726) ps
net 24: (10 3)->(10 3) 1 0 0 0 #timing (798 803) ps
net 24: (10 3)->(10 3) 1 0 1 1 #timing (1001 973) ps 
net 24: (10 3)->(11 2) 0 3 0 1 #timing (1130 1132) ps 
net 24: (10 3)->(10 1) 1 1 0 1 #timing (1043 1004) ps 
net 24: (10 1)->(10 1) 0 0 0 1 #timing (1128 1177) ps 
net 24: (10 3)->(10 7) 3 1 0 1 #timing (1193 1106) ps 
net 24: (10 7)->(10 5) 1 1 0 1 #timing (1334 1240) ps 
net 24: (10 5)->(10 5) 0 0 0 1 #timing (1391 1489) ps 
net 24: (10 3)->(10 2) 0 1 0 0 #timing (736 736) ps
net 24: (10 2)->(8 2) 1 2 0 0 #timing (857 844) ps
net 24: (8 2)->(12 2) 4 2 0 0 #timing (1102 1124) ps
net 24: (12 2)->(12 2) 1 0 1 1 #timing (1327 1278) ps 
net 24: (12 2)->(12 3) 0 1 0 1 #timing (1399 1439) ps 
net 25: (12 5)->(13 5) 0 2 0 0 #timing (174 174) ps
net 25: (13 5)->(15 7) 1 3 0 0 #timing (347 316) ps
net 25: (15 7)->(15 3) 3 1 0 0 #timing (602 625) ps
net 25: (15 3)->(11 3) 4 2 0 0 #timing (873 874) ps
net 25: (11 3)->(11 3) 1 0 0 1 #timing (1090 1060) ps 
net 25: (11 3)->(10 3) 0 2 0 1 #timing (1183 1204) ps 
net 25: (12 5)->(13 4) 0 3 0 0 #timing (174 174) ps
net 25: (13 4)->(13 6) 1 1 0 0 #timing (293 283) ps
net 25: (13 6)->(13 2) 3 1 0 0 #timing (575 554) ps
net 25: (13 2)->(13 2) 1 0 1 1 #timing (790 733) ps 
net 25: (13 2)->(12 3) 0 3 0 1 #timing (878 914) ps 
net 27: (14 3)->(15 2) 0 3 0 0 #timing (743 743) ps
net 27: (15 2)->(15 2) 1 0 0 0 #timing (831 832) ps
net 27: (15 2)->(15 2) 1 0 1 1 #timing (1034 1001) ps 
net 27: (15 2)->(14 3) 0 3 0 1 #timing (1145 1157) ps 
net 28: (11 3)->(11 3) 0 0 0 0 #timing (686 686) ps
net 28: (11 3)->(9 1) 1 3 0 0 #timing (868 831) ps
net 28: (9 1)->(9 5) 3 1 0 0 #timing (1194 1192) ps
net 28: (9 5)->(11 5) 1 2 0 1 #timing (1494 1431) ps 
net 28: (11 5)->(11 5) 0 0 0 1 #timing (1558 1645) ps 
net 28: (11 3)->(11 2) 0 1 0 0 #timing (700 700) ps
net 28: (11 2)->(11 2) 1 0 0 0 #timing (782 781) ps
net 28: (11 2)->(11 2) 1 0 1 1 #timing (985 952) ps 
net 28: (11 2)->(11 3) 0 1 0 1 #timing (1099 1111) ps 
net 29: (10 1)->(10 1) 0 0 0 0 #timing (680 680) ps
net 29: (10 1)->(10 1) 1 0 0 0 #timing (752 758) ps
net 29: (10 1)->(10 3) 1 1 0 1 #timing (996 957) ps 
net 29: (10 3)->(10 2) 0 1 0 1 #timing (1072 1125) ps 
net 29: (10 1)->(8 3) 1 3 0 0 #timing (811 796) ps
net 29: (8 3)->(8 7) 3 1 0 0 #timing (1151 1128) ps
net 29: (8 7)->(10 5) 1 3 0 1 #timing (1428 1348) ps 
net 29: (10 5)->(11 5) 0 2 0 1 #timing (1478 1570) ps 
net 30: (11 1)->(11 1) 0 0 0 0 #timing (762 762) ps
net 30: (11 1)->(11 1) 1 0 0 0 #timing (837 836) ps
net 30: (11 1)->(11 3) 1 1 0 1 #timing (1083 1036) ps 
net 30: (11 3)->(11 2) 0 1 0 1 #timing (1153 1215) ps 
net 30: (11 1)->(11 5) 3 1 0 0 #timing (1160 1090) ps
net 30: (11 5)->(11 7) 1 1 0 1 #timing (1417 1298) ps 
net 30: (11 7)->(11 6) 0 1 0 1 #timing (1427 1556) ps 
net 32: (9 4)->(9 4) 0 0 0 0 #timing (199 199) ps
net 32: (9 4)->(11 6) 1 3 0 0 #timing (365 337) ps
net 32: (11 6)->(9 4) 1 3 0 1 #timing (729 639) ps 
net 32: (9 4)->(8 4) 0 2 0 1 #timing (807 925) ps 
net 33: (9 7)->(8 7) 0 2 0 0 #timing (206 206) ps
net 33: (8 7)->(8 7) 1 0 0 0 #timing (288 291) ps
net 33: (8 7)->(8 5) 1 1 0 1 #timing (549 501) ps 
net 33: (8 5)->(8 4) 0 1 0 1 #timing (705 725) ps 
net 34: (10 9)->(10 8) 0 1 0 0 #timing (736 736) ps
net 34: (10 8)->(8 10) 1 3 0 0 #timing (887 862) ps
net 34: (8 10)->(8 10) 5 0 1 0 #timing (989 1061) ps
net 34: (8 10)->(25 10) 13 2 1 0 #timing (1734 1536) ps
net 34: (25 10)->(17 2) 5 3 0 1 #timing (2547 2328) ps 
net 34: (17 2)->(17 2) 1 0 0 1 #timing (2724 2495) ps 
net 34: (17 2)->(16 2) 0 2 0 1 #timing (2614 2836) ps 
net 35: (13 7)->(13 7) 0 0 0 0 #timing (762 762) ps
net 35: (13 7)->(15 5) 1 3 0 0 #timing (926 892) ps
net 35: (15 5)->(15 1) 3 1 0 1 #timing (1397 1261) ps 
net 35: (15 1)->(13 1) 1 2 0 1 #timing (1532 1389) ps 
net 35: (13 1)->(12 1) 0 2 0 1 #timing (1533 1685) ps 
net 35: (15 1)->(13 3) 1 3 0 1 #timing (1564 1409) ps 
net 35: (13 3)->(13 3) 0 0 0 1 #timing (1551 1738) ps 
net 35: (15 5)->(15 9) 3 4 0 0 #timing (1186 1200) ps
net 35: (15 9)->(13 9) 1 2 0 1 #timing (1435 1403) ps 
net 35: (13 9)->(13 8) 0 1 0 1 #timing (1536 1590) ps 
net 35: (15 9)->(11 9) 4 2 0 0 #timing (1474 1461) ps
net 35: (11 9)->(9 9) 1 2 0 1 #timing (1721 1693) ps 
net 35: (9 9)->(8 8) 0 3 0 1 #timing (1849 1889) ps 
net 35: (11 9)->(11 5) 3 4 0 1 #timing (1944 1837) ps 
net 35: (11 5)->(9 5) 1 2 0 1 #timing (2121 1988) ps 
net 35: (9 5)->(8 4) 0 3 0 1 #timing (2137 2296) ps 
net 36: (13 7)->(13 6) 0 1 0 0 #timing (202 203) ps
net 36: (13 6)->(13 6) 1 0 0 0 #timing (291 293) ps
net 36: (13 6)->(9 6) 4 2 0 1 #timing (709 640) ps 
net 36: (9 6)->(9 6) 1 0 1 1 #timing (900 807) ps 
net 36: (9 6)->(9 6) 0 0 0 1 #timing (897 993) ps 
net 36: (9 6)->(9 7) 0 1 0 1 #timing (928 1013) ps 
net 37: (10 2)->(10 2) 0 0 0 0 #timing (163 163) ps
net 37: (10 2)->(10 2) 1 0 0 0 #timing (240 242) ps
net 37: (10 2)->(10 2) 1 0 0 1 #timing (444 413) ps 
net 37: (10 2)->(11 3) 0 3 0 1 #timing (530 554) ps 
net 37: (10 2)->(11 2) 0 2 0 0 #timing (180 180) ps
net 37: (11 2)->(11 0) 1 1 0 0 #timing (309 293) ps
net 37: (11 0)->(11 4) 3 1 0 0 #timing (612 574) ps
net 37: (11 4)->(11 4) 1 0 1 1 #timing (828 754) ps 
net 37: (11 4)->(10 5) 0 3 0 1 #timing (919 963) ps 
net 38: (8 9)->(8 9) 0 0 0 0 #timing (797 797) ps
net 38: (8 9)->(10 11) 1 3 0 0 #timing (942 921) ps
net 38: (10 11)->(8 9) 1 3 0 1 #timing (1223 1167) ps 
net 38: (8 9)->(8 8) 0 1 0 1 #timing (1289 1359) ps 
net 39: (12 8)->(12 9) 0 1 0 0 #timing (180 180) ps
net 39: (12 9)->(12 9) 1 0 0 0 #timing (260 262) ps
net 39: (12 9)->(8 9) 4 2 0 1 #timing (602 553) ps 
net 39: (8 9)->(8 5) 3 4 0 1 #timing (953 823) ps 
net 39: (8 5)->(8 7) 1 1 0 1 #timing (1094 956) ps 
net 39: (8 7)->(8 7) 0 0 0 1 #timing (1099 1247) ps 
net 39: (12 9)->(12 9) 5 0 0 0 #timing (364 378) ps
net 39: (12 9)->(12 1) 5 1 0 1 #timing (722 737) ps 
net 39: (12 1)->(12 3) 1 1 0 1 #timing (976 918) ps 
net 39: (12 3)->(13 3) 0 2 0 1 #timing (1025 1099) ps 
net 40: (13 8)->(13 8) 0 0 0 0 #timing (162 162) ps
net 40: (13 8)->(13 8) 1 0 0 0 #timing (237 240) ps
net 40: (13 8)->(13 8) 1 0 1 1 #timing (441 411) ps 
net 40: (13 8)->(12 9) 0 3 0 1 #timing (556 565) ps 
net 41: (12 3)->(13 2) 0 3 0 0 #timing (743 743) ps
net 41: (13 2)->(13 2) 1 0 0 0 #timing (830 831) ps
net 41: (13 2)->(13 2) 1 0 0 1 #timing (1034 1003) ps 
net 41: (13 2)->(13 3) 0 1 0 1 #timing (1149 1159) ps 
net 42: (13 10)->(13 10) 0 0 0 0 #timing (637 637) ps
net 42: (13 10)->(13 10) 1 0 0 0 #timing (708 714) ps
net 42: (13 10)->(13 10) 1 0 1 1 #timing (911 884) ps 
net 42: (13 10)->(13 10) 0 0 0 1 #timing (1032 1039) ps 
net 42: (13 10)->(13 6) 3 4 0 0 #timing (978 928) ps
net 42: (13 6)->(9 6) 4 2 0 0 #timing (1291 1217) ps
net 42: (9 6)->(11 6) 1 2 0 1 #timing (1491 1514) ps 
net 42: (11 6)->(10 7) 0 3 0 1 #timing (1701 1687) ps 
net 42: (13 10)->(9 10) 4 2 0 0 #timing (997 966) ps
net 42: (9 10)->(11 8) 1 3 0 1 #timing (1281 1251) ps 
net 42: (11 8)->(11 9) 0 1 0 1 #timing (1376 1439) ps 
net 42: (13 10)->(12 11) 0 3 0 0 #timing (653 653) ps
net 42: (12 11)->(12 9) 1 1 0 0 #timing (782 768) ps
net 42: (12 9)->(12 5) 3 4 0 0 #timing (1079 1050) ps
net 42: (12 5)->(8 5) 4 2 0 0 #timing (1343 1302) ps
net 42: (8 5)->(8 5) 1 0 1 1 #timing (1509 1524) ps 
net 42: (8 5)->(9 5) 0 2 0 1 #timing (1649 1624) ps 
net 42: (8 5)->(9 4) 0 3 0 1 #timing (1655 1626) ps 
net 42: (12 9)->(8 9) 4 2 0 0 #timing (1002 1019) ps
net 42: (8 9)->(8 9) 1 0 0 1 #timing (1228 1185) ps 
net 42: (8 9)->(9 9) 0 2 0 1 #timing (1299 1337) ps 
net 42: (8 9)->(9 8) 0 3 0 1 #timing (1320 1347) ps 
net 43: (12 7)->(12 7) 0 0 0 0 #timing (680 680) ps
net 43: (12 7)->(14 5) 1 3 0 0 #timing (867 827) ps
net 43: (14 5)->(14 9) 3 4 0 1 #timing (1286 1171) ps 
net 43: (14 9)->(12 9) 1 2 0 1 #timing (1454 1323) ps 
net 43: (12 9)->(12 8) 0 1 0 1 #timing (1462 1595) ps 
net 43: (12 7)->(13 6) 0 3 0 0 #timing (706 706) ps
net 43: (13 6)->(15 4) 1 3 0 0 #timing (918 872) ps
net 43: (15 4)->(11 4) 4 2 0 1 #timing (1333 1232) ps 
net 43: (11 4)->(9 4) 1 2 0 1 #timing (1582 1437) ps 
net 43: (9 4)->(9 4) 0 0 0 1 #timing (1605 1756) ps 
net 43: (9 4)->(9 5) 0 1 0 1 #timing (1621 1765) ps 
net 43: (9 4)->(8 5) 0 3 0 1 #timing (1621 1765) ps 
net 43: (11 4)->(11 8) 3 4 0 1 #timing (1617 1463) ps 
net 43: (11 8)->(9 8) 1 2 0 1 #timing (1797 1618) ps 
net 43: (9 8)->(9 8) 0 0 0 1 #timing (1775 1970) ps 
net 43: (9 8)->(9 9) 0 1 0 1 #timing (1790 1979) ps 
net 43: (9 8)->(8 9) 0 3 0 1 #timing (1788 1978) ps 
net 44: (13 9)->(13 9) 0 0 0 0 #timing (686 686) ps
net 44: (13 9)->(13 11) 1 1 0 0 #timing (796 790) ps
net 44: (13 11)->(9 11) 4 2 0 0 #timing (1090 1095) ps
net 44: (9 11)->(11 9) 1 3 0 1 #timing (1401 1336) ps 
net 44: (11 9)->(11 8) 0 1 0 1 #timing (1445 1550) ps 
net 44: (13 9)->(15 11) 1 3 0 0 #timing (840 817) ps
net 44: (15 11)->(15 7) 3 4 0 0 #timing (1150 1158) ps
net 44: (15 7)->(11 7) 4 2 0 0 #timing (1417 1405) ps
net 44: (11 7)->(11 7) 1 0 1 1 #timing (1616 1600) ps 
net 44: (11 7)->(10 7) 0 2 0 1 #timing (1732 1735) ps 
net 44: (13 9)->(12 8) 0 3 0 0 #timing (702 702) ps
net 44: (12 8)->(14 8) 1 2 0 0 #timing (848 830) ps
net 44: (14 8)->(12 8) 1 2 0 1 #timing (1115 1065) ps 
net 44: (12 8)->(13 9) 0 3 0 1 #timing (1191 1250) ps 
net 44: (14 8)->(10 8) 4 2 0 0 #timing (1111 1130) ps
net 44: (10 8)->(8 8) 1 2 0 1 #timing (1392 1328) ps 
net 44: (8 8)->(9 8) 0 2 0 1 #timing (1471 1524) ps 
net 44: (8 8)->(9 9) 0 3 0 1 #timing (1448 1511) ps 
net 44: (10 8)->(10 4) 3 4 0 1 #timing (1598 1458) ps 
net 44: (10 4)->(8 4) 1 2 0 1 #timing (1705 1568) ps 
net 44: (8 4)->(8 4) 0 0 0 1 #timing (1698 1829) ps 
net 44: (8 4)->(9 4) 0 2 0 1 #timing (1691 1826) ps 
net 44: (8 4)->(9 5) 0 3 0 1 #timing (1712 1838) ps 
net 45: (12 9)->(12 8) 0 1 0 0 #timing (736 736) ps
net 45: (12 8)->(12 8) 1 0 0 0 #timing (822 820) ps
net 45: (12 8)->(12 4) 3 4 0 0 #timing (1090 1046) ps
net 45: (12 4)->(8 4) 4 2 0 0 #timing (1359 1301) ps
net 45: (8 4)->(10 6) 1 3 0 1 #timing (1575 1583) ps 
net 45: (10 6)->(10 7) 0 1 0 1 #timing (1723 1724) ps 
net 45: (12 8)->(8 8) 4 2 0 0 #timing (1053 1037) ps
net 45: (8 8)->(10 8) 1 2 0 1 #timing (1281 1259) ps 
net 45: (10 8)->(10 8) 0 0 0 1 #timing (1365 1392) ps 
net 45: (12 9)->(13 9) 0 2 0 0 #timing (738 738) ps
net 45: (13 9)->(13 9) 1 0 0 0 #timing (815 819) ps
net 45: (13 9)->(13 9) 1 0 1 1 #timing (1020 990) ps 
net 45: (13 9)->(12 9) 0 2 0 1 #timing (1114 1135) ps 
net 45: (13 9)->(13 5) 3 4 0 0 #timing (1124 1060) ps
net 45: (13 5)->(9 5) 4 2 0 0 #timing (1430 1345) ps
net 45: (9 5)->(9 5) 1 0 0 1 #timing (1562 1617) ps 
net 45: (9 5)->(9 5) 0 0 0 1 #timing (1725 1667) ps 
net 45: (9 5)->(9 4) 0 1 0 1 #timing (1694 1647) ps 
net 45: (13 9)->(9 9) 4 2 0 0 #timing (1110 1080) ps
net 45: (9 9)->(9 9) 1 0 0 1 #timing (1296 1296) ps 
net 45: (9 9)->(9 9) 0 0 0 1 #timing (1380 1387) ps 
net 45: (9 9)->(9 8) 0 1 0 1 #timing (1403 1400) ps 
net 46: (11 8)->(10 9) 0 3 0 0 #timing (188 188) ps
net 46: (10 9)->(10 9) 1 0 0 0 #timing (273 275) ps
net 46: (10 9)->(10 5) 3 4 0 0 #timing (579 518) ps
net 46: (10 5)->(8 5) 1 2 0 1 #timing (813 710) ps 
net 46: (8 5)->(8 5) 0 0 0 1 #timing (844 940) ps 
net 46: (10 9)->(8 9) 1 2 0 0 #timing (333 311) ps
net 46: (8 9)->(8 9) 1 0 1 1 #timing (549 502) ps 
net 46: (8 9)->(8 9) 0 0 0 1 #timing (609 653) ps 
net 47: (8 5)->(8 4) 0 1 0 0 #timing (219 219) ps
net 47: (8 4)->(8 4) 1 0 0 0 #timing (303 304) ps
net 47: (8 4)->(8 4) 1 0 0 1 #timing (510 476) ps 
net 47: (8 4)->(8 5) 0 1 0 1 #timing (603 626) ps 
net 47: (8 4)->(8 8) 3 4 0 0 #timing (666 578) ps
net 47: (8 8)->(8 8) 1 0 1 1 #timing (876 755) ps 
net 47: (8 8)->(8 9) 0 1 0 1 #timing (869 984) ps 
net 48: (10 8)->(11 9) 0 3 0 0 #timing (191 191) ps
net 48: (11 9)->(9 9) 1 2 0 0 #timing (315 305) ps
net 48: (9 9)->(9 9) 1 0 1 1 #timing (542 509) ps 
net 48: (9 9)->(8 9) 0 2 0 1 #timing (590 630) ps 
net 48: (9 9)->(9 5) 3 4 0 0 #timing (666 640) ps
net 48: (9 5)->(9 5) 1 0 1 1 #timing (884 825) ps 
net 48: (9 5)->(8 5) 0 2 0 1 #timing (921 982) ps 
net 49: (13 8)->(12 8) 0 2 0 0 #timing (0 0) ps
net 49: (12 8)->(12 10) 1 1 0 0 #timing (121 110) ps
net 49: (12 10)->(12 10) 5 0 0 0 #timing (225 273) ps
net 49: (12 10)->(12 2) 5 1 0 1 #timing (565 618) ps 
net 49: (12 2)->(12 2) 1 0 0 1 #timing (821 735) ps 
net 49: (12 2)->(13 3) 0 3 0 1 #timing (851 930) ps 
net 49: (12 2)->(16 2) 4 5 0 1 #timing (845 860) ps 
net 49: (16 2)->(16 2) 1 0 1 1 #timing (1031 1022) ps 
net 49: (16 2)->(16 2) 0 0 0 1 #timing (1125 1132) ps 
net 49: (13 8)->(12 9) 0 3 0 0 #timing (1 1) ps
net 49: (12 9)->(12 11) 1 1 0 0 #timing (121 111) ps
net 49: (12 11)->(12 7) 3 4 0 0 #timing (422 389) ps
net 49: (12 7)->(8 7) 4 2 0 0 #timing (684 637) ps
net 49: (8 7)->(10 7) 1 2 0 1 #timing (886 894) ps 
net 49: (10 7)->(10 7) 0 0 0 1 #timing (1058 1030) ps 
net 51: (14 2)->(15 2) 0 2 0 0 #timing (180 180) ps
net 51: (15 2)->(13 0) 1 3 0 0 #timing (358 320) ps
net 51: (13 0)->(17 0) 4 5 0 0 #timing (705 717) ps
net 51: (17 0)->(17 0) 5 0 1 0 #timing (832 858) ps
net 51: (17 0)->(25 0) 5 2 0 1 #timing (1344 1346) ps 
net 51: (25 0)->(27 0) 1 2 0 1 #timing (1626 1563) ps 
net 51: (27 0)->(27 0) 0 0 0 1 #timing (1676 1778) ps 
net 75: (14 3)->(14 3) 0 0 0 0 #timing (191 191) ps
net 75: (14 3)->(14 3) 1 0 0 0 #timing (263 269) ps
net 75: (14 3)->(14 7) 3 1 0 0 #timing (559 495) ps
net 75: (14 7)->(14 7) 1 0 0 1 #timing (743 667) ps 
net 75: (14 7)->(18 7) 4 5 0 0 #timing (866 773) ps
net 75: (18 7)->(18 7) 1 0 1 1 #timing (970 1038) ps 
net 75: (18 7)->(18 6) 0 1 0 1 #timing (1179 1093) ps 
net 75: (18 7)->(16 7) 1 2 0 1 #timing (1022 1075) ps 
net 75: (16 7)->(16 7) 0 0 0 1 #timing (1220 1166) ps 
net 75: (14 3)->(14 7) 3 1 0 1 #timing (641 562) ps 
net 75: (14 7)->(14 7) 1 0 0 1 #timing (743 667) ps 
net 75: (14 7)->(14 6) 0 1 0 1 #timing (812 867) ps 
net 75: (14 3)->(14 2) 0 1 0 0 #timing (198 198) ps
net 75: (14 2)->(14 2) 1 0 0 0 #timing (284 282) ps
net 75: (14 2)->(14 6) 3 1 0 1 #timing (668 578) ps 
net 75: (14 6)->(14 6) 1 0 0 1 #timing (764 681) ps 
net 75: (14 6)->(14 7) 0 1 0 1 #timing (828 890) ps 
net 75: (14 2)->(18 2) 4 5 0 0 #timing (572 538) ps
net 75: (18 2)->(16 0) 1 3 0 1 #timing (821 800) ps 
net 75: (16 0)->(16 1) 0 1 0 1 #timing (941 983) ps 
net 75: (18 2)->(18 6) 3 1 0 1 #timing (923 872) ps 
net 75: (18 6)->(18 6) 1 0 0 1 #timing (1019 973) ps 
net 75: (18 6)->(18 7) 0 1 0 1 #timing (1125 1147) ps 
net 76: (8 7)->(8 7) 0 0 0 0 #timing (651 651) ps
net 76: (8 7)->(10 5) 1 3 0 0 #timing (798 778) ps
net 76: (10 5)->(10 9) 3 4 0 1 #timing (1243 1127) ps 
net 76: (10 9)->(10 9) 1 0 1 1 #timing (1351 1235) ps 
net 76: (10 9)->(10 9) 0 0 0 1 #timing (1351 1462) ps 
net 77: (8 4)->(8 5) 0 1 0 0 #timing (672 672) ps
net 77: (8 5)->(8 7) 1 1 0 0 #timing (796 788) ps
net 77: (8 7)->(12 7) 4 2 0 0 #timing (1057 1073) ps
net 77: (12 7)->(16 7) 4 5 0 1 #timing (1374 1344) ps 
net 77: (16 7)->(16 3) 3 1 0 1 #timing (1696 1592) ps 
net 77: (16 3)->(16 3) 1 0 0 1 #timing (1789 1692) ps 
net 77: (16 3)->(16 2) 0 1 0 1 #timing (1816 1903) ps 
net 78: (13 2)->(13 2) 0 0 0 0 #timing (162 162) ps
net 78: (13 2)->(15 0) 1 3 0 0 #timing (320 292) ps
net 78: (15 0)->(15 4) 3 1 0 0 #timing (619 618) ps
net 78: (15 4)->(11 4) 4 2 0 0 #timing (899 877) ps
net 78: (11 4)->(9 6) 1 3 0 1 #timing (1167 1135) ps 
net 78: (9 6)->(8 6) 0 2 0 1 #timing (1293 1349) ps 
net 78: (9 6)->(8 7) 0 3 0 1 #timing (1329 1369) ps 
net 79: (8 8)->(8 8) 0 0 0 0 #timing (196 196) ps
net 79: (8 8)->(8 8) 1 0 0 0 #timing (279 281) ps
net 79: (8 8)->(8 4) 3 4 0 1 #timing (795 655) ps 
net 79: (8 4)->(8 6) 1 1 0 1 #timing (930 785) ps 
net 79: (8 6)->(8 6) 0 0 0 1 #timing (907 1067) ps 
net 79: (8 6)->(8 7) 0 1 0 1 #timing (925 1078) ps 
net 80: (16 3)->(16 3) 0 0 0 0 #timing (726 726) ps
net 80: (16 3)->(16 3) 1 0 0 0 #timing (797 802) ps
net 80: (16 3)->(16 7) 3 1 0 0 #timing (1079 1025) ps
net 80: (16 7)->(12 7) 4 5 0 0 #timing (1415 1315) ps
net 80: (12 7)->(12 11) 3 4 0 1 #timing (1724 1729) ps 
net 80: (12 11)->(12 9) 1 1 0 1 #timing (1865 1862) ps 
net 80: (12 9)->(13 9) 0 2 0 1 #timing (2008 2010) ps 
net 82: (17 7)->(17 7) 0 0 0 0 #timing (762 762) ps
net 82: (17 7)->(19 5) 1 3 0 0 #timing (935 896) ps
net 82: (19 5)->(19 9) 3 4 0 1 #timing (1386 1250) ps 
net 82: (19 9)->(17 9) 1 2 0 1 #timing (1530 1383) ps 
net 82: (17 9)->(16 8) 0 3 0 1 #timing (1537 1692) ps 
net 83: (16 7)->(16 7) 0 0 0 0 #timing (680 680) ps
net 83: (16 7)->(18 5) 1 3 0 0 #timing (845 815) ps
net 83: (18 5)->(18 9) 3 4 0 1 #timing (1273 1156) ps 
net 83: (18 9)->(16 9) 1 2 0 1 #timing (1439 1305) ps 
net 83: (16 9)->(17 9) 0 2 0 1 #timing (1426 1570) ps 
net 84: (17 8)->(17 8) 0 0 0 0 #timing (162 162) ps
net 84: (17 8)->(19 10) 1 3 0 0 #timing (313 288) ps
net 84: (19 10)->(17 8) 1 3 0 1 #timing (639 562) ps 
net 84: (17 8)->(16 9) 0 3 0 1 #timing (751 836) ps 
net 85: (16 8)->(16 8) 0 0 0 0 #timing (163 163) ps
net 85: (16 8)->(16 10) 1 1 0 0 #timing (274 266) ps
net 85: (16 10)->(16 6) 3 4 0 0 #timing (545 528) ps
net 85: (16 6)->(16 6) 1 0 1 1 #timing (758 708) ps 
net 85: (16 6)->(16 7) 0 1 0 1 #timing (855 884) ps 
net 86: (17 9)->(17 8) 0 1 0 0 #timing (700 700) ps
net 86: (17 8)->(17 8) 1 0 0 0 #timing (782 782) ps
net 86: (17 8)->(17 4) 3 4 0 1 #timing (1247 1124) ps 
net 86: (17 4)->(17 6) 1 1 0 1 #timing (1384 1253) ps 
net 86: (17 6)->(16 7) 0 3 0 1 #timing (1425 1543) ps 
net 87: (16 9)->(16 9) 0 0 0 0 #timing (726 726) ps
net 87: (16 9)->(18 11) 1 3 0 0 #timing (884 857) ps
net 87: (18 11)->(14 11) 4 5 0 1 #timing (1332 1241) ps 
net 87: (14 11)->(14 9) 1 1 0 1 #timing (1562 1435) ps 
net 87: (14 9)->(15 8) 0 3 0 1 #timing (1576 1707) ps 
net 88: (15 7)->(15 7) 0 0 0 0 #timing (762 762) ps
net 88: (15 7)->(13 5) 1 3 0 0 #timing (919 886) ps
net 88: (13 5)->(13 9) 3 4 0 1 #timing (1343 1231) ps 
net 88: (13 9)->(15 9) 1 2 0 1 #timing (1510 1379) ps 
net 88: (15 9)->(14 8) 0 3 0 1 #timing (1526 1656) ps 
net 89: (14 7)->(14 6) 0 1 0 0 #timing (700 700) ps
net 89: (14 6)->(12 4) 1 3 0 0 #timing (880 846) ps
net 89: (12 4)->(12 8) 3 4 0 1 #timing (1290 1182) ps 
net 89: (12 8)->(14 8) 1 2 0 1 #timing (1429 1312) ps 
net 89: (14 8)->(15 9) 0 3 0 1 #timing (1442 1574) ps 
net 90: (16 1)->(16 0) 0 1 0 0 #timing (700 700) ps
net 90: (16 0)->(18 2) 1 3 0 0 #timing (853 829) ps
net 90: (18 2)->(18 6) 3 1 0 0 #timing (1167 1174) ps
net 90: (18 6)->(18 6) 1 0 1 1 #timing (1377 1348) ps 
net 90: (18 6)->(18 6) 0 0 0 1 #timing (1476 1493) ps 
net 91: (18 6)->(18 6) 0 0 0 0 #timing (704 704) ps
net 91: (18 6)->(16 4) 1 3 0 0 #timing (878 842) ps
net 91: (16 4)->(16 8) 3 4 0 1 #timing (1315 1189) ps 
net 91: (16 8)->(18 8) 1 2 0 1 #timing (1457 1322) ps 
net 91: (18 8)->(19 8) 0 2 0 1 #timing (1477 1618) ps 
net 92: (19 7)->(19 7) 0 0 0 0 #timing (762 762) ps
net 92: (19 7)->(17 5) 1 3 0 0 #timing (939 898) ps
net 92: (17 5)->(17 9) 3 4 0 1 #timing (1386 1254) ps 
net 92: (17 9)->(19 9) 1 2 0 1 #timing (1539 1391) ps 
net 92: (19 9)->(18 8) 0 3 0 1 #timing (1536 1683) ps 
net 93: (18 7)->(18 7) 0 0 0 0 #timing (680 680) ps
net 93: (18 7)->(16 5) 1 3 0 0 #timing (846 815) ps
net 93: (16 5)->(16 9) 3 4 0 1 #timing (1256 1153) ps 
net 93: (16 9)->(18 9) 1 2 0 1 #timing (1403 1288) ps 
net 93: (18 9)->(19 9) 0 2 0 1 #timing (1417 1552) ps 
net 94: (19 8)->(19 8) 0 0 0 0 #timing (162 162) ps
net 94: (19 8)->(17 10) 1 3 0 0 #timing (314 288) ps
net 94: (17 10)->(19 8) 1 3 0 1 #timing (649 578) ps 
net 94: (19 8)->(18 9) 0 3 0 1 #timing (763 835) ps 
net 95: (18 8)->(18 9) 0 1 0 0 #timing (180 180) ps
net 95: (18 9)->(18 9) 1 0 0 0 #timing (259 261) ps
net 95: (18 9)->(18 5) 3 4 0 0 #timing (538 487) ps
net 95: (18 5)->(18 7) 1 1 0 1 #timing (789 693) ps 
net 95: (18 7)->(18 7) 0 0 0 1 #timing (832 934) ps 
net 96: (19 9)->(19 8) 0 1 0 0 #timing (700 700) ps
net 96: (19 8)->(19 8) 1 0 0 0 #timing (781 780) ps
net 96: (19 8)->(19 4) 3 4 0 1 #timing (1219 1106) ps 
net 96: (19 4)->(19 6) 1 1 0 1 #timing (1358 1239) ps 
net 96: (19 6)->(18 7) 0 3 0 1 #timing (1415 1521) ps 
net 97: (18 9)->(18 9) 0 0 0 0 #timing (726 726) ps
net 97: (18 9)->(16 11) 1 3 0 0 #timing (870 849) ps
net 97: (16 11)->(16 9) 1 1 0 1 #timing (1154 1104) ps 
net 97: (16 9)->(17 8) 0 3 0 1 #timing (1243 1298) ps 
net 98: (15 6)->(15 6) 0 0 0 0 #timing (661 661) ps
net 98: (15 6)->(13 4) 1 3 0 0 #timing (840 805) ps
net 98: (13 4)->(15 6) 1 3 0 1 #timing (1143 1064) ps 
net 98: (15 6)->(14 6) 0 2 0 1 #timing (1212 1307) ps 
net 99: (14 6)->(14 7) 0 1 0 0 #timing (678 678) ps
net 99: (14 7)->(12 5) 1 3 0 0 #timing (849 819) ps
net 99: (12 5)->(16 5) 4 5 0 1 #timing (1276 1185) ps 
net 99: (16 5)->(16 1) 3 1 0 1 #timing (1629 1452) ps 
net 99: (16 1)->(16 3) 1 1 0 1 #timing (1772 1587) ps 
net 99: (16 3)->(17 2) 0 3 0 1 #timing (1729 1916) ps 
net 99: (12 5)->(12 5) 5 0 1 0 #timing (948 1027) ps
net 99: (12 5)->(29 5) 13 2 1 0 #timing (1677 1480) ps
net 99: (29 5)->(29 5) 5 0 1 1 #timing (1939 1755) ps 
net 99: (29 5)->(31 5) 1 2 0 1 #timing (2147 1938) ps 
net 99: (31 5)->(30 5) 0 2 0 1 #timing (2083 2296) ps 
net 99: (29 5)->(29 1) 3 1 0 1 #timing (2322 2055) ps 
net 99: (29 1)->(31 3) 1 3 0 1 #timing (2493 2208) ps 
net 99: (31 3)->(30 3) 0 2 0 1 #timing (2363 2668) ps 
net 100: (17 1)->(17 1) 0 0 0 0 #timing (762 762) ps
net 100: (17 1)->(19 3) 1 3 0 0 #timing (910 882) ps
net 100: (19 3)->(17 3) 1 2 0 1 #timing (1212 1143) ps 
net 100: (17 3)->(16 2) 0 3 0 1 #timing (1298 1377) ps 
net 100: (19 3)->(15 3) 4 5 0 0 #timing (1168 1204) ps
net 100: (15 3)->(15 3) 5 0 1 0 #timing (1303 1354) ps
net 100: (15 3)->(30 3) 13 2 1 0 #timing (2026 1845) ps
net 100: (30 3)->(30 3) 5 0 0 1 #timing (2274 2105) ps 
net 100: (30 3)->(30 3) 1 0 0 1 #timing (2415 2244) ps 
net 100: (30 3)->(30 3) 0 0 0 1 #timing (2343 2516) ps 
net 100: (30 3)->(30 7) 3 1 0 1 #timing (2596 2370) ps 
net 100: (30 7)->(30 5) 1 1 0 1 #timing (2730 2498) ps 
net 100: (30 5)->(31 5) 0 2 0 1 #timing (2629 2865) ps 
net 101: (16 2)->(16 2) 0 0 0 0 #timing (166 166) ps
net 101: (16 2)->(18 0) 1 3 0 0 #timing (341 306) ps
net 101: (18 0)->(16 2) 1 3 0 1 #timing (666 578) ps 
net 101: (16 2)->(17 3) 0 3 0 1 #timing (718 835) ps 
net 101: (18 0)->(22 0) 4 2 0 0 #timing (632 663) ps
net 101: (22 0)->(22 0) 5 0 1 0 #timing (762 805) ps
net 101: (22 0)->(30 0) 5 2 0 1 #timing (1186 1217) ps 
net 101: (30 0)->(30 2) 1 1 0 1 #timing (1470 1393) ps 
net 101: (30 2)->(31 3) 0 3 0 1 #timing (1528 1614) ps 
net 101: (30 0)->(30 4) 3 1 0 1 #timing (1638 1504) ps 
net 101: (30 4)->(30 4) 1 0 1 1 #timing (1737 1607) ps 
net 101: (30 4)->(31 5) 0 3 0 1 #timing (1727 1848) ps 
net 102: (17 2)->(17 2) 0 0 0 0 #timing (162 162) ps
net 102: (17 2)->(19 0) 1 3 0 0 #timing (326 295) ps
net 102: (19 0)->(17 2) 1 3 0 1 #timing (643 560) ps 
net 102: (17 2)->(16 3) 0 3 0 1 #timing (730 830) ps 
net 102: (19 0)->(19 4) 3 1 0 0 #timing (623 629) ps
net 102: (19 4)->(15 4) 4 5 0 0 #timing (940 901) ps
net 102: (15 4)->(15 4) 5 0 1 0 #timing (1073 1050) ps
net 102: (15 4)->(30 4) 13 2 1 0 #timing (1681 1585) ps
net 102: (30 4)->(30 4) 5 0 1 1 #timing (1912 1828) ps 
net 102: (30 4)->(30 6) 1 1 0 1 #timing (2098 1998) ps 
net 102: (30 6)->(30 6) 0 0 0 1 #timing (2105 2221) ps 
net 102: (19 0)->(23 0) 4 2 0 0 #timing (637 659) ps
net 102: (23 0)->(23 0) 5 0 1 0 #timing (758 798) ps
net 102: (23 0)->(31 0) 5 2 0 1 #timing (1263 1263) ps 
net 102: (31 0)->(31 2) 1 1 0 1 #timing (1542 1486) ps 
net 102: (31 2)->(31 3) 0 1 0 1 #timing (1622 1684) ps 
net 103: (16 2)->(17 2) 0 2 0 0 #timing (180 180) ps
net 103: (17 2)->(17 2) 1 0 0 0 #timing (261 262) ps
net 103: (17 2)->(17 0) 1 1 0 1 #timing (505 462) ps 
net 103: (17 0)->(16 1) 0 3 0 1 #timing (614 652) ps 
net 103: (17 2)->(17 2) 5 0 0 0 #timing (364 380) ps
net 103: (17 2)->(25 10) 5 3 0 1 #timing (1011 1026) ps 
net 103: (25 10)->(29 10) 4 2 0 1 #timing (1349 1309) ps 
net 103: (29 10)->(29 6) 3 4 0 1 #timing (1722 1588) ps 
net 103: (29 6)->(31 6) 1 2 0 1 #timing (1880 1733) ps 
net 103: (31 6)->(30 6) 0 2 0 1 #timing (1877 2029) ps 
net 103: (29 6)->(31 4) 1 3 0 1 #timing (1923 1753) ps 
net 103: (31 4)->(30 4) 0 2 0 1 #timing (1904 2086) ps 
net 104: (17 3)->(16 3) 0 2 0 0 #timing (692 692) ps
net 104: (16 3)->(16 1) 1 1 0 0 #timing (820 808) ps
net 104: (16 1)->(16 1) 1 0 0 1 #timing (1037 998) ps 
net 104: (16 1)->(16 1) 0 0 0 1 #timing (1132 1158) ps 
net 105: (15 8)->(15 8) 0 0 0 0 #timing (162 162) ps
net 105: (15 8)->(13 10) 1 3 0 0 #timing (310 286) ps
net 105: (13 10)->(15 8) 1 3 0 1 #timing (627 555) ps 
net 105: (15 8)->(14 9) 0 3 0 1 #timing (738 814) ps 
net 106: (14 8)->(14 9) 0 1 0 0 #timing (180 180) ps
net 106: (14 9)->(14 11) 1 1 0 0 #timing (294 285) ps
net 106: (14 11)->(14 7) 3 4 0 0 #timing (574 548) ps
net 106: (14 7)->(14 7) 1 0 1 1 #timing (787 728) ps 
net 106: (14 7)->(14 7) 0 0 0 1 #timing (863 907) ps 
net 107: (15 9)->(15 8) 0 1 0 0 #timing (700 700) ps
net 107: (15 8)->(15 8) 1 0 0 0 #timing (781 781) ps
net 107: (15 8)->(15 4) 3 4 0 1 #timing (1195 1095) ps 
net 107: (15 4)->(15 6) 1 1 0 1 #timing (1331 1225) ps 
net 107: (15 6)->(14 7) 0 3 0 1 #timing (1396 1493) ps 
net 108: (14 9)->(14 9) 0 0 0 0 #timing (726 726) ps
net 108: (14 9)->(12 11) 1 3 0 0 #timing (881 854) ps
net 108: (12 11)->(12 7) 3 4 0 1 #timing (1382 1237) ps 
net 108: (12 7)->(14 5) 1 3 0 1 #timing (1557 1389) ps 
net 108: (14 5)->(15 4) 0 3 0 1 #timing (1525 1718) ps 
net 109: (15 4)->(15 4) 0 0 0 0 #timing (637 637) ps
net 109: (15 4)->(13 6) 1 3 0 0 #timing (789 764) ps
net 109: (13 6)->(15 4) 1 3 0 1 #timing (1110 1042) ps 
net 109: (15 4)->(14 4) 0 2 0 1 #timing (1192 1278) ps 
net 110: (14 4)->(14 4) 0 0 0 0 #timing (649 649) ps
net 110: (14 4)->(12 6) 1 3 0 0 #timing (802 777) ps
net 110: (12 6)->(14 4) 1 3 0 1 #timing (1140 1064) ps 
net 110: (14 4)->(15 5) 0 3 0 1 #timing (1203 1307) ps 
net 111: (15 5)->(15 5) 0 0 0 0 #timing (156 156) ps
net 111: (15 5)->(13 7) 1 3 0 0 #timing (300 279) ps
net 111: (13 7)->(15 5) 1 3 0 1 #timing (612 548) ps 
net 111: (15 5)->(14 5) 0 2 0 1 #timing (700 779) ps 
net 112: (14 5)->(14 4) 0 1 0 0 #timing (161 161) ps
net 112: (14 4)->(14 6) 1 1 0 0 #timing (273 264) ps
net 112: (14 6)->(14 6) 1 0 1 1 #timing (498 466) ps 
net 112: (14 6)->(14 6) 0 0 0 1 #timing (594 615) ps 
net 113: (12 3)->(13 3) 0 2 0 0 #timing (203 203) ps
net 113: (13 3)->(15 3) 1 2 0 0 #timing (332 318) ps
net 113: (15 3)->(15 3) 1 0 1 1 #timing (553 518) ps 
net 113: (15 3)->(14 3) 0 2 0 1 #timing (640 667) ps 
net 118: (9 9)->(9 8) 0 1 0 0 #timing (244 244) ps
net 118: (9 8)->(11 10) 1 3 0 0 #timing (419 388) ps
net 118: (11 10)->(9 8) 1 3 0 1 #timing (779 691) ps 
net 118: (9 8)->(8 8) 0 2 0 1 #timing (853 969) ps 
net 119: (9 6)->(8 6) 0 2 0 0 #timing (190 190) ps
net 119: (8 6)->(8 6) 1 0 0 0 #timing (267 269) ps
net 119: (8 6)->(8 10) 3 4 0 1 #timing (672 579) ps 
net 119: (8 10)->(8 8) 1 1 0 1 #timing (836 729) ps 
net 119: (8 8)->(8 8) 0 0 0 1 #timing (847 966) ps 
net 120: (11 2)->(10 2) 0 2 0 0 #timing (173 173) ps
net 120: (10 2)->(10 0) 1 1 0 0 #timing (299 286) ps
net 120: (10 0)->(14 0) 4 2 0 0 #timing (577 579) ps
net 120: (14 0)->(14 0) 1 0 1 1 #timing (793 758) ps 
net 120: (14 0)->(14 1) 0 1 0 1 #timing (904 918) ps 
net 121: (13 3)->(13 3) 0 0 0 0 #timing (178 178) ps
net 121: (13 3)->(13 3) 1 0 0 0 #timing (251 257) ps
net 121: (13 3)->(13 7) 3 1 0 0 #timing (598 513) ps
net 121: (13 7)->(9 7) 4 2 0 0 #timing (900 795) ps
net 121: (9 7)->(9 7) 1 0 1 1 #timing (1008 1083) ps 
net 121: (9 7)->(9 7) 0 0 0 1 #timing (1181 1107) ps 
