####   Post-Placement Resource Utilization Report   ####

                                                                  
   9 Logic 6-LUT RBBs                                             
         36 RBB LUTs utilized (up to 4 per RBB)                   
             1 of which are 6-input LUTs                          
             6 of which are dual 5-input LUTs                     
            42 LUTs total                                         
         33 RBB FFs utilized (up to 4 pairs per RBB)              
             2 of which are LUT-FF combination                    
   2 I/O RBBs                                                     
          3 Output pins                                           
          1 Output FFs utilized                                   
   Usage of Logic RBBs is 7%.                                     
   Usage of LUTs is 7%.                                           
       dual-LUTs is 2%.                                           
   Usage of FF is 3%.                                             
   Usage of IO RBB is 2%.                                         


 | ------------------------------------------------------------ | 
 | TILE X0Y0                                                    | 
 | 9 Logic 6-LUT RBBs                                           | 
 |       36 RBB LUTs utilized (up to 4 per RBB)                 | 
 |           1 of which are 6-input LUTs                        | 
 |           6 of which are dual 5-input LUTs                   | 
 |          42 LUTs total                                       | 
 |       33 RBB FFs utilized (up to 4 pairs per RBB)            | 
 |           2 of which are LUT-FF combination                  | 
 | 2 I/O RBBs                                                   | 
 |        3 Output pins                                         | 
 |        1 Output FFs utilized                                 | 
 | Usage of Logic RBBs is 7%.                                   | 
 | Usage of LUTs is 7%.                                         | 
 |     dual-LUTs is 2%.                                         | 
 | Usage of FF is 3%.                                           | 
 | Usage of IO RBB is 2%.                                       | 
 | ------------------------------------------------------------ | 
